Info in <TUnixSystem::ACLiC>: creating shared library /storage_mnt/storage/user/smoortga/Analysis/NTupler/CMSSW_8_0_25/src/FlatTree/FlatTreeAnalyzer/ttcc/selection/./Selection_C.so
The treeST_s-channel_4f_leptonDecays_13TeV-amcatnlo-pythia8_TuneCUETP8M1 has 10000 Events
ST_s-channel_4f_leptonDecays_13TeV-amcatnlo-pythia8_TuneCUETP8M1: Processing event 0/10000 (0 %)
ST_s-channel_4f_leptonDecays_13TeV-amcatnlo-pythia8_TuneCUETP8M1: Processing event 500/10000 (5 %)
ST_s-channel_4f_leptonDecays_13TeV-amcatnlo-pythia8_TuneCUETP8M1: Processing event 1000/10000 (10 %)
ST_s-channel_4f_leptonDecays_13TeV-amcatnlo-pythia8_TuneCUETP8M1: Processing event 1500/10000 (15 %)
ST_s-channel_4f_leptonDecays_13TeV-amcatnlo-pythia8_TuneCUETP8M1: Processing event 2000/10000 (20 %)
ST_s-channel_4f_leptonDecays_13TeV-amcatnlo-pythia8_TuneCUETP8M1: Processing event 2500/10000 (25 %)
ST_s-channel_4f_leptonDecays_13TeV-amcatnlo-pythia8_TuneCUETP8M1: Processing event 3000/10000 (30 %)
ST_s-channel_4f_leptonDecays_13TeV-amcatnlo-pythia8_TuneCUETP8M1: Processing event 3500/10000 (35 %)
ST_s-channel_4f_leptonDecays_13TeV-amcatnlo-pythia8_TuneCUETP8M1: Processing event 4000/10000 (40 %)
ST_s-channel_4f_leptonDecays_13TeV-amcatnlo-pythia8_TuneCUETP8M1: Processing event 4500/10000 (45 %)
ST_s-channel_4f_leptonDecays_13TeV-amcatnlo-pythia8_TuneCUETP8M1: Processing event 5000/10000 (50 %)
ST_s-channel_4f_leptonDecays_13TeV-amcatnlo-pythia8_TuneCUETP8M1: Processing event 5500/10000 (55 %)
ST_s-channel_4f_leptonDecays_13TeV-amcatnlo-pythia8_TuneCUETP8M1: Processing event 6000/10000 (60 %)
ST_s-channel_4f_leptonDecays_13TeV-amcatnlo-pythia8_TuneCUETP8M1: Processing event 6500/10000 (65 %)
ST_s-channel_4f_leptonDecays_13TeV-amcatnlo-pythia8_TuneCUETP8M1: Processing event 7000/10000 (70 %)
ST_s-channel_4f_leptonDecays_13TeV-amcatnlo-pythia8_TuneCUETP8M1: Processing event 7500/10000 (75 %)
ST_s-channel_4f_leptonDecays_13TeV-amcatnlo-pythia8_TuneCUETP8M1: Processing event 8000/10000 (80 %)
ST_s-channel_4f_leptonDecays_13TeV-amcatnlo-pythia8_TuneCUETP8M1: Processing event 8500/10000 (85 %)
ST_s-channel_4f_leptonDecays_13TeV-amcatnlo-pythia8_TuneCUETP8M1: Processing event 9000/10000 (90 %)
ST_s-channel_4f_leptonDecays_13TeV-amcatnlo-pythia8_TuneCUETP8M1: Processing event 9500/10000 (95 %)
Selected 19 (0.19 %) events from initial 10000
Converting 19 events from FlatTree To ObjectOriented Tree
Converting event 0/19 (0 %)
Converting event 2/19 (11 %)
Converting event 4/19 (21 %)
Converting event 6/19 (32 %)
Converting event 8/19 (42 %)
Converting event 10/19 (53 %)
Converting event 12/19 (63 %)
Converting event 14/19 (74 %)
Converting event 16/19 (84 %)
Converting event 18/19 (95 %)
The treettHToNonbb_M125_TuneCUETP8M2_ttHtranche3_13TeV-powheg-pythia8 has 10000 Events
ttHToNonbb_M125_TuneCUETP8M2_ttHtranche3_13TeV-powheg-pythia8: Processing event 0/10000 (0 %)
The treettWJets_13TeV_madgraphMLM has 10000 Events
ttWJets_13TeV_madgraphMLM: Processing event 0/10000 (0 %)
ttHToNonbb_M125_TuneCUETP8M2_ttHtranche3_13TeV-powheg-pythia8: Processing event 500/10000 (5 %)
ttWJets_13TeV_madgraphMLM: Processing event 500/10000 (5 %)
ttHToNonbb_M125_TuneCUETP8M2_ttHtranche3_13TeV-powheg-pythia8: Processing event 1000/10000 (10 %)
ttWJets_13TeV_madgraphMLM: Processing event 1000/10000 (10 %)
The treeST_t-channel_antitop_4f_inclusiveDecays_13TeV-powhegV2-madspin-pythia8_TuneCUETP8M1 has 10000 Events
ST_t-channel_antitop_4f_inclusiveDecays_13TeV-powhegV2-madspin-pythia8_TuneCUETP8M1: Processing event 0/10000 (0 %)
ttWJets_13TeV_madgraphMLM: Processing event 1500/10000 (15 %)
ttWJets_13TeV_madgraphMLM: Processing event 2000/10000 (20 %)
ST_t-channel_antitop_4f_inclusiveDecays_13TeV-powhegV2-madspin-pythia8_TuneCUETP8M1: Processing event 500/10000 (5 %)
ttWJets_13TeV_madgraphMLM: Processing event 2500/10000 (25 %)
ST_t-channel_antitop_4f_inclusiveDecays_13TeV-powhegV2-madspin-pythia8_TuneCUETP8M1: Processing event 1000/10000 (10 %)
ttHToNonbb_M125_TuneCUETP8M2_ttHtranche3_13TeV-powheg-pythia8: Processing event 1500/10000 (15 %)
ttWJets_13TeV_madgraphMLM: Processing event 3000/10000 (30 %)
ST_t-channel_antitop_4f_inclusiveDecays_13TeV-powhegV2-madspin-pythia8_TuneCUETP8M1: Processing event 1500/10000 (15 %)
ttWJets_13TeV_madgraphMLM: Processing event 3500/10000 (35 %)
ttHToNonbb_M125_TuneCUETP8M2_ttHtranche3_13TeV-powheg-pythia8: Processing event 2000/10000 (20 %)
ST_t-channel_antitop_4f_inclusiveDecays_13TeV-powhegV2-madspin-pythia8_TuneCUETP8M1: Processing event 2000/10000 (20 %)
ttWJets_13TeV_madgraphMLM: Processing event 4000/10000 (40 %)
ST_t-channel_antitop_4f_inclusiveDecays_13TeV-powhegV2-madspin-pythia8_TuneCUETP8M1: Processing event 2500/10000 (25 %)
ST_t-channel_antitop_4f_inclusiveDecays_13TeV-powhegV2-madspin-pythia8_TuneCUETP8M1: Processing event 3000/10000 (30 %)
ttHToNonbb_M125_TuneCUETP8M2_ttHtranche3_13TeV-powheg-pythia8: Processing event 2500/10000 (25 %)
ST_t-channel_antitop_4f_inclusiveDecays_13TeV-powhegV2-madspin-pythia8_TuneCUETP8M1: Processing event 3500/10000 (35 %)
ST_t-channel_antitop_4f_inclusiveDecays_13TeV-powhegV2-madspin-pythia8_TuneCUETP8M1: Processing event 4000/10000 (40 %)
ST_t-channel_antitop_4f_inclusiveDecays_13TeV-powhegV2-madspin-pythia8_TuneCUETP8M1: Processing event 4500/10000 (45 %)
ttHToNonbb_M125_TuneCUETP8M2_ttHtranche3_13TeV-powheg-pythia8: Processing event 3000/10000 (30 %)
ST_t-channel_antitop_4f_inclusiveDecays_13TeV-powhegV2-madspin-pythia8_TuneCUETP8M1: Processing event 5000/10000 (50 %)
ttWJets_13TeV_madgraphMLM: Processing event 4500/10000 (45 %)
ST_t-channel_antitop_4f_inclusiveDecays_13TeV-powhegV2-madspin-pythia8_TuneCUETP8M1: Processing event 5500/10000 (55 %)
ttWJets_13TeV_madgraphMLM: Processing event 5000/10000 (50 %)
ttWJets_13TeV_madgraphMLM: Processing event 5500/10000 (55 %)
ttWJets_13TeV_madgraphMLM: Processing event 6000/10000 (60 %)
ttWJets_13TeV_madgraphMLM: Processing event 6500/10000 (65 %)
ttHToNonbb_M125_TuneCUETP8M2_ttHtranche3_13TeV-powheg-pythia8: Processing event 3500/10000 (35 %)
ttWJets_13TeV_madgraphMLM: Processing event 7000/10000 (70 %)
ttWJets_13TeV_madgraphMLM: Processing event 7500/10000 (75 %)
ttWJets_13TeV_madgraphMLM: Processing event 8000/10000 (80 %)
ttHToNonbb_M125_TuneCUETP8M2_ttHtranche3_13TeV-powheg-pythia8: Processing event 4000/10000 (40 %)
ST_t-channel_antitop_4f_inclusiveDecays_13TeV-powhegV2-madspin-pythia8_TuneCUETP8M1: Processing event 6000/10000 (60 %)
ST_t-channel_antitop_4f_inclusiveDecays_13TeV-powhegV2-madspin-pythia8_TuneCUETP8M1: Processing event 6500/10000 (65 %)
ST_t-channel_antitop_4f_inclusiveDecays_13TeV-powhegV2-madspin-pythia8_TuneCUETP8M1: Processing event 7000/10000 (70 %)
ST_t-channel_antitop_4f_inclusiveDecays_13TeV-powhegV2-madspin-pythia8_TuneCUETP8M1: Processing event 7500/10000 (75 %)
ST_t-channel_antitop_4f_inclusiveDecays_13TeV-powhegV2-madspin-pythia8_TuneCUETP8M1: Processing event 8000/10000 (80 %)
ST_t-channel_antitop_4f_inclusiveDecays_13TeV-powhegV2-madspin-pythia8_TuneCUETP8M1: Processing event 8500/10000 (85 %)
ST_t-channel_antitop_4f_inclusiveDecays_13TeV-powhegV2-madspin-pythia8_TuneCUETP8M1: Processing event 9000/10000 (90 %)
ttWJets_13TeV_madgraphMLM: Processing event 8500/10000 (85 %)
ST_t-channel_antitop_4f_inclusiveDecays_13TeV-powhegV2-madspin-pythia8_TuneCUETP8M1: Processing event 9500/10000 (95 %)
Selected 4 (0.04 %) events from initial 10000
Converting 4 events from FlatTree To ObjectOriented Tree
ttWJets_13TeV_madgraphMLM: Processing event 9000/10000 (90 %)
Converting event 0/4 (0 %)
Converting event 1/4 (25 %)
Converting event 2/4 (50 %)
Converting event 3/4 (75 %)
ttWJets_13TeV_madgraphMLM: Processing event 9500/10000 (95 %)
Selected 400 (4 %) events from initial 10000
Converting 400 events from FlatTree To ObjectOriented Tree
Converting event 0/400 (0 %)
Converting event 40/400 (10 %)
Converting event 80/400 (20 %)
Converting event 120/400 (30 %)
Converting event 160/400 (40 %)
Converting event 200/400 (50 %)
Converting event 240/400 (60 %)
Converting event 280/400 (70 %)
Converting event 320/400 (80 %)
Converting event 360/400 (90 %)
ttHToNonbb_M125_TuneCUETP8M2_ttHtranche3_13TeV-powheg-pythia8: Processing event 4500/10000 (45 %)
ttHToNonbb_M125_TuneCUETP8M2_ttHtranche3_13TeV-powheg-pythia8: Processing event 5000/10000 (50 %)
ttHToNonbb_M125_TuneCUETP8M2_ttHtranche3_13TeV-powheg-pythia8: Processing event 5500/10000 (55 %)
ttHToNonbb_M125_TuneCUETP8M2_ttHtranche3_13TeV-powheg-pythia8: Processing event 6000/10000 (60 %)
ttHToNonbb_M125_TuneCUETP8M2_ttHtranche3_13TeV-powheg-pythia8: Processing event 6500/10000 (65 %)
ttHToNonbb_M125_TuneCUETP8M2_ttHtranche3_13TeV-powheg-pythia8: Processing event 7000/10000 (70 %)
ttHToNonbb_M125_TuneCUETP8M2_ttHtranche3_13TeV-powheg-pythia8: Processing event 7500/10000 (75 %)
ttHToNonbb_M125_TuneCUETP8M2_ttHtranche3_13TeV-powheg-pythia8: Processing event 8000/10000 (80 %)
The treeTT_TuneCUETP8M2T4_13TeV-powheg-pythia8 has 10000 Events
TT_TuneCUETP8M2T4_13TeV-powheg-pythia8: Processing event 0/10000 (0 %)
TT_TuneCUETP8M2T4_13TeV-powheg-pythia8: Processing event 500/10000 (5 %)
ttHToNonbb_M125_TuneCUETP8M2_ttHtranche3_13TeV-powheg-pythia8: Processing event 8500/10000 (85 %)
TT_TuneCUETP8M2T4_13TeV-powheg-pythia8: Processing event 1000/10000 (10 %)
ttHToNonbb_M125_TuneCUETP8M2_ttHtranche3_13TeV-powheg-pythia8: Processing event 9000/10000 (90 %)
ttHToNonbb_M125_TuneCUETP8M2_ttHtranche3_13TeV-powheg-pythia8: Processing event 9500/10000 (95 %)
Selected 501 (5.01 %) events from initial 10000
Converting 501 events from FlatTree To ObjectOriented Tree
Converting event 0/501 (0 %)
TT_TuneCUETP8M2T4_13TeV-powheg-pythia8: Processing event 1500/10000 (15 %)
Converting event 50/501 (10 %)
Converting event 100/501 (20 %)
Converting event 150/501 (30 %)
TT_TuneCUETP8M2T4_13TeV-powheg-pythia8: Processing event 2000/10000 (20 %)
Converting event 200/501 (40 %)
Converting event 250/501 (50 %)
TT_TuneCUETP8M2T4_13TeV-powheg-pythia8: Processing event 2500/10000 (25 %)
Converting event 300/501 (60 %)
Converting event 350/501 (70 %)
Converting event 400/501 (80 %)
TT_TuneCUETP8M2T4_13TeV-powheg-pythia8: Processing event 3000/10000 (30 %)
Converting event 450/501 (90 %)
Converting event 500/501 (100 %)
TT_TuneCUETP8M2T4_13TeV-powheg-pythia8: Processing event 3500/10000 (35 %)
TT_TuneCUETP8M2T4_13TeV-powheg-pythia8: Processing event 4000/10000 (40 %)
TT_TuneCUETP8M2T4_13TeV-powheg-pythia8: Processing event 4500/10000 (45 %)
TT_TuneCUETP8M2T4_13TeV-powheg-pythia8: Processing event 5000/10000 (50 %)
TT_TuneCUETP8M2T4_13TeV-powheg-pythia8: Processing event 5500/10000 (55 %)
TT_TuneCUETP8M2T4_13TeV-powheg-pythia8: Processing event 6000/10000 (60 %)
TT_TuneCUETP8M2T4_13TeV-powheg-pythia8: Processing event 6500/10000 (65 %)
TT_TuneCUETP8M2T4_13TeV-powheg-pythia8: Processing event 7000/10000 (70 %)
TT_TuneCUETP8M2T4_13TeV-powheg-pythia8: Processing event 7500/10000 (75 %)
TT_TuneCUETP8M2T4_13TeV-powheg-pythia8: Processing event 8000/10000 (80 %)
TT_TuneCUETP8M2T4_13TeV-powheg-pythia8: Processing event 8500/10000 (85 %)
TT_TuneCUETP8M2T4_13TeV-powheg-pythia8: Processing event 9000/10000 (90 %)
TT_TuneCUETP8M2T4_13TeV-powheg-pythia8: Processing event 9500/10000 (95 %)
Selected 117 (1.17 %) events from initial 10000
Converting 117 events from FlatTree To ObjectOriented Tree
Converting event 0/117 (0 %)
Converting event 12/117 (10 %)
Converting event 24/117 (21 %)
Converting event 36/117 (31 %)
Converting event 48/117 (41 %)
Converting event 60/117 (51 %)
Converting event 72/117 (62 %)
Converting event 84/117 (72 %)
Converting event 96/117 (82 %)
Converting event 108/117 (92 %)
The treeDYJetsToLL_M-50_TuneCUETP8M1_13TeV-amcatnloFXFX-pythia8 has 10000 Events
DYJetsToLL_M-50_TuneCUETP8M1_13TeV-amcatnloFXFX-pythia8: Processing event 0/10000 (0 %)
DYJetsToLL_M-50_TuneCUETP8M1_13TeV-amcatnloFXFX-pythia8: Processing event 500/10000 (5 %)
DYJetsToLL_M-50_TuneCUETP8M1_13TeV-amcatnloFXFX-pythia8: Processing event 1000/10000 (10 %)
DYJetsToLL_M-50_TuneCUETP8M1_13TeV-amcatnloFXFX-pythia8: Processing event 1500/10000 (15 %)
DYJetsToLL_M-50_TuneCUETP8M1_13TeV-amcatnloFXFX-pythia8: Processing event 2000/10000 (20 %)
DYJetsToLL_M-50_TuneCUETP8M1_13TeV-amcatnloFXFX-pythia8: Processing event 2500/10000 (25 %)
DYJetsToLL_M-50_TuneCUETP8M1_13TeV-amcatnloFXFX-pythia8: Processing event 3000/10000 (30 %)
DYJetsToLL_M-50_TuneCUETP8M1_13TeV-amcatnloFXFX-pythia8: Processing event 3500/10000 (35 %)
DYJetsToLL_M-50_TuneCUETP8M1_13TeV-amcatnloFXFX-pythia8: Processing event 4000/10000 (40 %)
DYJetsToLL_M-50_TuneCUETP8M1_13TeV-amcatnloFXFX-pythia8: Processing event 4500/10000 (45 %)
DYJetsToLL_M-50_TuneCUETP8M1_13TeV-amcatnloFXFX-pythia8: Processing event 5000/10000 (50 %)
DYJetsToLL_M-50_TuneCUETP8M1_13TeV-amcatnloFXFX-pythia8: Processing event 5500/10000 (55 %)
The treettZJets_13TeV_madgraphMLM has 10000 Events
ttZJets_13TeV_madgraphMLM: Processing event 0/10000 (0 %)
DYJetsToLL_M-50_TuneCUETP8M1_13TeV-amcatnloFXFX-pythia8: Processing event 6000/10000 (60 %)
ttZJets_13TeV_madgraphMLM: Processing event 500/10000 (5 %)
DYJetsToLL_M-50_TuneCUETP8M1_13TeV-amcatnloFXFX-pythia8: Processing event 6500/10000 (65 %)
ttZJets_13TeV_madgraphMLM: Processing event 1000/10000 (10 %)
DYJetsToLL_M-50_TuneCUETP8M1_13TeV-amcatnloFXFX-pythia8: Processing event 7000/10000 (70 %)
ttZJets_13TeV_madgraphMLM: Processing event 1500/10000 (15 %)
ttZJets_13TeV_madgraphMLM: Processing event 2000/10000 (20 %)
DYJetsToLL_M-50_TuneCUETP8M1_13TeV-amcatnloFXFX-pythia8: Processing event 7500/10000 (75 %)
ttZJets_13TeV_madgraphMLM: Processing event 2500/10000 (25 %)
ttZJets_13TeV_madgraphMLM: Processing event 3000/10000 (30 %)
ttZJets_13TeV_madgraphMLM: Processing event 3500/10000 (35 %)
DYJetsToLL_M-50_TuneCUETP8M1_13TeV-amcatnloFXFX-pythia8: Processing event 8000/10000 (80 %)
ttZJets_13TeV_madgraphMLM: Processing event 4000/10000 (40 %)
ttZJets_13TeV_madgraphMLM: Processing event 4500/10000 (45 %)
ttZJets_13TeV_madgraphMLM: Processing event 5000/10000 (50 %)
ttZJets_13TeV_madgraphMLM: Processing event 5500/10000 (55 %)
ttZJets_13TeV_madgraphMLM: Processing event 6000/10000 (60 %)
ttZJets_13TeV_madgraphMLM: Processing event 6500/10000 (65 %)
ttZJets_13TeV_madgraphMLM: Processing event 7000/10000 (70 %)
ttZJets_13TeV_madgraphMLM: Processing event 7500/10000 (75 %)
ttZJets_13TeV_madgraphMLM: Processing event 8000/10000 (80 %)
ttZJets_13TeV_madgraphMLM: Processing event 8500/10000 (85 %)
ttZJets_13TeV_madgraphMLM: Processing event 9000/10000 (90 %)
ttZJets_13TeV_madgraphMLM: Processing event 9500/10000 (95 %)
Selected 290 (2.9 %) events from initial 10000
Converting 290 events from FlatTree To ObjectOriented Tree
Converting event 0/290 (0 %)
Converting event 29/290 (10 %)
Converting event 58/290 (20 %)
Converting event 87/290 (30 %)
Converting event 116/290 (40 %)
Converting event 145/290 (50 %)
Converting event 174/290 (60 %)
Converting event 203/290 (70 %)
Converting event 232/290 (80 %)
Converting event 261/290 (90 %)
DYJetsToLL_M-50_TuneCUETP8M1_13TeV-amcatnloFXFX-pythia8: Processing event 8500/10000 (85 %)
DYJetsToLL_M-50_TuneCUETP8M1_13TeV-amcatnloFXFX-pythia8: Processing event 9000/10000 (90 %)
DYJetsToLL_M-50_TuneCUETP8M1_13TeV-amcatnloFXFX-pythia8: Processing event 9500/10000 (95 %)
Selected 3 (0.03 %) events from initial 10000
Converting 3 events from FlatTree To ObjectOriented Tree
Converting event 0/3 (0 %)
Converting event 1/3 (33 %)
Converting event 2/3 (67 %)
The treeST_tW_top_5f_inclusiveDecays_13TeV-powheg-pythia8_TuneCUETP8M2T4 has 10000 Events
ST_tW_top_5f_inclusiveDecays_13TeV-powheg-pythia8_TuneCUETP8M2T4: Processing event 0/10000 (0 %)
ST_tW_top_5f_inclusiveDecays_13TeV-powheg-pythia8_TuneCUETP8M2T4: Processing event 500/10000 (5 %)
ST_tW_top_5f_inclusiveDecays_13TeV-powheg-pythia8_TuneCUETP8M2T4: Processing event 1000/10000 (10 %)
ST_tW_top_5f_inclusiveDecays_13TeV-powheg-pythia8_TuneCUETP8M2T4: Processing event 1500/10000 (15 %)
ST_tW_top_5f_inclusiveDecays_13TeV-powheg-pythia8_TuneCUETP8M2T4: Processing event 2000/10000 (20 %)
ST_tW_top_5f_inclusiveDecays_13TeV-powheg-pythia8_TuneCUETP8M2T4: Processing event 2500/10000 (25 %)
ST_tW_top_5f_inclusiveDecays_13TeV-powheg-pythia8_TuneCUETP8M2T4: Processing event 3000/10000 (30 %)
ST_tW_top_5f_inclusiveDecays_13TeV-powheg-pythia8_TuneCUETP8M2T4: Processing event 3500/10000 (35 %)
ST_tW_top_5f_inclusiveDecays_13TeV-powheg-pythia8_TuneCUETP8M2T4: Processing event 4000/10000 (40 %)
ST_tW_top_5f_inclusiveDecays_13TeV-powheg-pythia8_TuneCUETP8M2T4: Processing event 4500/10000 (45 %)
ST_tW_top_5f_inclusiveDecays_13TeV-powheg-pythia8_TuneCUETP8M2T4: Processing event 5000/10000 (50 %)
ST_tW_top_5f_inclusiveDecays_13TeV-powheg-pythia8_TuneCUETP8M2T4: Processing event 5500/10000 (55 %)
ST_tW_top_5f_inclusiveDecays_13TeV-powheg-pythia8_TuneCUETP8M2T4: Processing event 6000/10000 (60 %)
ST_tW_top_5f_inclusiveDecays_13TeV-powheg-pythia8_TuneCUETP8M2T4: Processing event 6500/10000 (65 %)
ST_tW_top_5f_inclusiveDecays_13TeV-powheg-pythia8_TuneCUETP8M2T4: Processing event 7000/10000 (70 %)
ST_tW_top_5f_inclusiveDecays_13TeV-powheg-pythia8_TuneCUETP8M2T4: Processing event 7500/10000 (75 %)
ST_tW_top_5f_inclusiveDecays_13TeV-powheg-pythia8_TuneCUETP8M2T4: Processing event 8000/10000 (80 %)
ST_tW_top_5f_inclusiveDecays_13TeV-powheg-pythia8_TuneCUETP8M2T4: Processing event 8500/10000 (85 %)
ST_tW_top_5f_inclusiveDecays_13TeV-powheg-pythia8_TuneCUETP8M2T4: Processing event 9000/10000 (90 %)
ST_tW_top_5f_inclusiveDecays_13TeV-powheg-pythia8_TuneCUETP8M2T4: Processing event 9500/10000 (95 %)
Selected 63 (0.63 %) events from initial 10000
Converting 63 events from FlatTree To ObjectOriented Tree
Converting event 0/63 (0 %)
Converting event 6/63 (10 %)
Converting event 12/63 (19 %)
Converting event 18/63 (29 %)
Converting event 24/63 (38 %)
Converting event 30/63 (48 %)
Converting event 36/63 (57 %)
Converting event 42/63 (67 %)
Converting event 48/63 (76 %)
Converting event 54/63 (86 %)
Converting event 60/63 (95 %)
The treeST_t-channel_top_4f_inclusiveDecays_TuneCUETP8M2T4_13TeV-powhegV2-madspin has 10000 Events
ST_t-channel_top_4f_inclusiveDecays_TuneCUETP8M2T4_13TeV-powhegV2-madspin: Processing event 0/10000 (0 %)
The treeDYJetsToLL_M-10to50_TuneCUETP8M1_13TeV-amcatnloFXFX-pythia8 has 10000 Events
DYJetsToLL_M-10to50_TuneCUETP8M1_13TeV-amcatnloFXFX-pythia8: Processing event 0/10000 (0 %)
DYJetsToLL_M-10to50_TuneCUETP8M1_13TeV-amcatnloFXFX-pythia8: Processing event 500/10000 (5 %)
ST_t-channel_top_4f_inclusiveDecays_TuneCUETP8M2T4_13TeV-powhegV2-madspin: Processing event 500/10000 (5 %)
DYJetsToLL_M-10to50_TuneCUETP8M1_13TeV-amcatnloFXFX-pythia8: Processing event 1000/10000 (10 %)
ST_t-channel_top_4f_inclusiveDecays_TuneCUETP8M2T4_13TeV-powhegV2-madspin: Processing event 1000/10000 (10 %)
DYJetsToLL_M-10to50_TuneCUETP8M1_13TeV-amcatnloFXFX-pythia8: Processing event 1500/10000 (15 %)
DYJetsToLL_M-10to50_TuneCUETP8M1_13TeV-amcatnloFXFX-pythia8: Processing event 2000/10000 (20 %)
DYJetsToLL_M-10to50_TuneCUETP8M1_13TeV-amcatnloFXFX-pythia8: Processing event 2500/10000 (25 %)
ST_t-channel_top_4f_inclusiveDecays_TuneCUETP8M2T4_13TeV-powhegV2-madspin: Processing event 1500/10000 (15 %)
DYJetsToLL_M-10to50_TuneCUETP8M1_13TeV-amcatnloFXFX-pythia8: Processing event 3000/10000 (30 %)
DYJetsToLL_M-10to50_TuneCUETP8M1_13TeV-amcatnloFXFX-pythia8: Processing event 3500/10000 (35 %)
DYJetsToLL_M-10to50_TuneCUETP8M1_13TeV-amcatnloFXFX-pythia8: Processing event 4000/10000 (40 %)
DYJetsToLL_M-10to50_TuneCUETP8M1_13TeV-amcatnloFXFX-pythia8: Processing event 4500/10000 (45 %)
ST_t-channel_top_4f_inclusiveDecays_TuneCUETP8M2T4_13TeV-powhegV2-madspin: Processing event 2000/10000 (20 %)
DYJetsToLL_M-10to50_TuneCUETP8M1_13TeV-amcatnloFXFX-pythia8: Processing event 5000/10000 (50 %)
ST_t-channel_top_4f_inclusiveDecays_TuneCUETP8M2T4_13TeV-powhegV2-madspin: Processing event 2500/10000 (25 %)
DYJetsToLL_M-10to50_TuneCUETP8M1_13TeV-amcatnloFXFX-pythia8: Processing event 5500/10000 (55 %)
DYJetsToLL_M-10to50_TuneCUETP8M1_13TeV-amcatnloFXFX-pythia8: Processing event 6000/10000 (60 %)
ST_t-channel_top_4f_inclusiveDecays_TuneCUETP8M2T4_13TeV-powhegV2-madspin: Processing event 3000/10000 (30 %)
DYJetsToLL_M-10to50_TuneCUETP8M1_13TeV-amcatnloFXFX-pythia8: Processing event 6500/10000 (65 %)
ST_t-channel_top_4f_inclusiveDecays_TuneCUETP8M2T4_13TeV-powhegV2-madspin: Processing event 3500/10000 (35 %)
DYJetsToLL_M-10to50_TuneCUETP8M1_13TeV-amcatnloFXFX-pythia8: Processing event 7000/10000 (70 %)
ST_t-channel_top_4f_inclusiveDecays_TuneCUETP8M2T4_13TeV-powhegV2-madspin: Processing event 4000/10000 (40 %)
DYJetsToLL_M-10to50_TuneCUETP8M1_13TeV-amcatnloFXFX-pythia8: Processing event 7500/10000 (75 %)
The treettHTobb_M125_TuneCUETP8M2_ttHtranche3_13TeV-powheg-pythia8 has 10000 Events
DYJetsToLL_M-10to50_TuneCUETP8M1_13TeV-amcatnloFXFX-pythia8: Processing event 8000/10000 (80 %)
ST_t-channel_top_4f_inclusiveDecays_TuneCUETP8M2T4_13TeV-powhegV2-madspin: Processing event 4500/10000 (45 %)
ttHTobb_M125_TuneCUETP8M2_ttHtranche3_13TeV-powheg-pythia8: Processing event 0/10000 (0 %)
DYJetsToLL_M-10to50_TuneCUETP8M1_13TeV-amcatnloFXFX-pythia8: Processing event 8500/10000 (85 %)
ST_t-channel_top_4f_inclusiveDecays_TuneCUETP8M2T4_13TeV-powhegV2-madspin: Processing event 5000/10000 (50 %)
DYJetsToLL_M-10to50_TuneCUETP8M1_13TeV-amcatnloFXFX-pythia8: Processing event 9000/10000 (90 %)
ST_t-channel_top_4f_inclusiveDecays_TuneCUETP8M2T4_13TeV-powhegV2-madspin: Processing event 5500/10000 (55 %)
DYJetsToLL_M-10to50_TuneCUETP8M1_13TeV-amcatnloFXFX-pythia8: Processing event 9500/10000 (95 %)
Selected 0 (0 %) events from initial 10000
Converting 0 events from FlatTree To ObjectOriented Tree
ST_t-channel_top_4f_inclusiveDecays_TuneCUETP8M2T4_13TeV-powhegV2-madspin: Processing event 6000/10000 (60 %)
ttHTobb_M125_TuneCUETP8M2_ttHtranche3_13TeV-powheg-pythia8: Processing event 500/10000 (5 %)
ttHTobb_M125_TuneCUETP8M2_ttHtranche3_13TeV-powheg-pythia8: Processing event 1000/10000 (10 %)
ttHTobb_M125_TuneCUETP8M2_ttHtranche3_13TeV-powheg-pythia8: Processing event 1500/10000 (15 %)
ST_t-channel_top_4f_inclusiveDecays_TuneCUETP8M2T4_13TeV-powhegV2-madspin: Processing event 6500/10000 (65 %)
ttHTobb_M125_TuneCUETP8M2_ttHtranche3_13TeV-powheg-pythia8: Processing event 2000/10000 (20 %)
The treeWJetsToLNu_TuneCUETP8M1_13TeV-madgraphMLM-pythia8 has 10000 Events
ST_t-channel_top_4f_inclusiveDecays_TuneCUETP8M2T4_13TeV-powhegV2-madspin: Processing event 7000/10000 (70 %)
ttHTobb_M125_TuneCUETP8M2_ttHtranche3_13TeV-powheg-pythia8: Processing event 2500/10000 (25 %)
ST_t-channel_top_4f_inclusiveDecays_TuneCUETP8M2T4_13TeV-powhegV2-madspin: Processing event 7500/10000 (75 %)
ttHTobb_M125_TuneCUETP8M2_ttHtranche3_13TeV-powheg-pythia8: Processing event 3000/10000 (30 %)
WJetsToLNu_TuneCUETP8M1_13TeV-madgraphMLM-pythia8: Processing event 0/10000 (0 %)
ST_t-channel_top_4f_inclusiveDecays_TuneCUETP8M2T4_13TeV-powhegV2-madspin: Processing event 8000/10000 (80 %)
ttHTobb_M125_TuneCUETP8M2_ttHtranche3_13TeV-powheg-pythia8: Processing event 3500/10000 (35 %)
ST_t-channel_top_4f_inclusiveDecays_TuneCUETP8M2T4_13TeV-powhegV2-madspin: Processing event 8500/10000 (85 %)
ttHTobb_M125_TuneCUETP8M2_ttHtranche3_13TeV-powheg-pythia8: Processing event 4000/10000 (40 %)
The treeST_tW_antitop_5f_inclusiveDecays_13TeV-powheg-pythia8_TuneCUETP8M2T4 has 10000 Events
ttHTobb_M125_TuneCUETP8M2_ttHtranche3_13TeV-powheg-pythia8: Processing event 4500/10000 (45 %)
ST_tW_antitop_5f_inclusiveDecays_13TeV-powheg-pythia8_TuneCUETP8M2T4: Processing event 0/10000 (0 %)
ttHTobb_M125_TuneCUETP8M2_ttHtranche3_13TeV-powheg-pythia8: Processing event 5000/10000 (50 %)
ttHTobb_M125_TuneCUETP8M2_ttHtranche3_13TeV-powheg-pythia8: Processing event 5500/10000 (55 %)
ttHTobb_M125_TuneCUETP8M2_ttHtranche3_13TeV-powheg-pythia8: Processing event 6000/10000 (60 %)
ttHTobb_M125_TuneCUETP8M2_ttHtranche3_13TeV-powheg-pythia8: Processing event 6500/10000 (65 %)
ST_tW_antitop_5f_inclusiveDecays_13TeV-powheg-pythia8_TuneCUETP8M2T4: Processing event 500/10000 (5 %)
ST_tW_antitop_5f_inclusiveDecays_13TeV-powheg-pythia8_TuneCUETP8M2T4: Processing event 1000/10000 (10 %)
ttHTobb_M125_TuneCUETP8M2_ttHtranche3_13TeV-powheg-pythia8: Processing event 7000/10000 (70 %)
ttHTobb_M125_TuneCUETP8M2_ttHtranche3_13TeV-powheg-pythia8: Processing event 7500/10000 (75 %)
ST_tW_antitop_5f_inclusiveDecays_13TeV-powheg-pythia8_TuneCUETP8M2T4: Processing event 1500/10000 (15 %)
ST_tW_antitop_5f_inclusiveDecays_13TeV-powheg-pythia8_TuneCUETP8M2T4: Processing event 2000/10000 (20 %)
ttHTobb_M125_TuneCUETP8M2_ttHtranche3_13TeV-powheg-pythia8: Processing event 8000/10000 (80 %)
ST_tW_antitop_5f_inclusiveDecays_13TeV-powheg-pythia8_TuneCUETP8M2T4: Processing event 2500/10000 (25 %)
ttHTobb_M125_TuneCUETP8M2_ttHtranche3_13TeV-powheg-pythia8: Processing event 8500/10000 (85 %)
ST_t-channel_top_4f_inclusiveDecays_TuneCUETP8M2T4_13TeV-powhegV2-madspin: Processing event 9000/10000 (90 %)
ST_tW_antitop_5f_inclusiveDecays_13TeV-powheg-pythia8_TuneCUETP8M2T4: Processing event 3000/10000 (30 %)
ttHTobb_M125_TuneCUETP8M2_ttHtranche3_13TeV-powheg-pythia8: Processing event 9000/10000 (90 %)
ST_tW_antitop_5f_inclusiveDecays_13TeV-powheg-pythia8_TuneCUETP8M2T4: Processing event 3500/10000 (35 %)
WJetsToLNu_TuneCUETP8M1_13TeV-madgraphMLM-pythia8: Processing event 500/10000 (5 %)
ST_tW_antitop_5f_inclusiveDecays_13TeV-powheg-pythia8_TuneCUETP8M2T4: Processing event 4000/10000 (40 %)
ttHTobb_M125_TuneCUETP8M2_ttHtranche3_13TeV-powheg-pythia8: Processing event 9500/10000 (95 %)
ST_t-channel_top_4f_inclusiveDecays_TuneCUETP8M2T4_13TeV-powhegV2-madspin: Processing event 9500/10000 (95 %)
ST_tW_antitop_5f_inclusiveDecays_13TeV-powheg-pythia8_TuneCUETP8M2T4: Processing event 4500/10000 (45 %)
Selected 158 (1.58 %) events from initial 10000
Converting 158 events from FlatTree To ObjectOriented Tree
Converting event 0/158 (0 %)
Converting event 16/158 (10 %)
Converting event 32/158 (20 %)
Converting event 48/158 (30 %)
Converting event 64/158 (41 %)
Converting event 80/158 (51 %)
ST_tW_antitop_5f_inclusiveDecays_13TeV-powheg-pythia8_TuneCUETP8M2T4: Processing event 5000/10000 (50 %)
Converting event 96/158 (61 %)
Converting event 112/158 (71 %)
Converting event 128/158 (81 %)
Converting event 144/158 (91 %)
ST_tW_antitop_5f_inclusiveDecays_13TeV-powheg-pythia8_TuneCUETP8M2T4: Processing event 5500/10000 (55 %)
ST_tW_antitop_5f_inclusiveDecays_13TeV-powheg-pythia8_TuneCUETP8M2T4: Processing event 6000/10000 (60 %)
WJetsToLNu_TuneCUETP8M1_13TeV-madgraphMLM-pythia8: Processing event 1000/10000 (10 %)
Selected 5 (0.05 %) events from initial 10000
Converting 5 events from FlatTree To ObjectOriented Tree
Converting event 0/5 (0 %)
Converting event 1/5 (20 %)
Converting event 2/5 (40 %)
Converting event 3/5 (60 %)
Converting event 4/5 (80 %)
WJetsToLNu_TuneCUETP8M1_13TeV-madgraphMLM-pythia8: Processing event 1500/10000 (15 %)
WJetsToLNu_TuneCUETP8M1_13TeV-madgraphMLM-pythia8: Processing event 2000/10000 (20 %)
ST_tW_antitop_5f_inclusiveDecays_13TeV-powheg-pythia8_TuneCUETP8M2T4: Processing event 6500/10000 (65 %)
ST_tW_antitop_5f_inclusiveDecays_13TeV-powheg-pythia8_TuneCUETP8M2T4: Processing event 7000/10000 (70 %)
ST_tW_antitop_5f_inclusiveDecays_13TeV-powheg-pythia8_TuneCUETP8M2T4: Processing event 7500/10000 (75 %)
ST_tW_antitop_5f_inclusiveDecays_13TeV-powheg-pythia8_TuneCUETP8M2T4: Processing event 8000/10000 (80 %)
ST_tW_antitop_5f_inclusiveDecays_13TeV-powheg-pythia8_TuneCUETP8M2T4: Processing event 8500/10000 (85 %)
ST_tW_antitop_5f_inclusiveDecays_13TeV-powheg-pythia8_TuneCUETP8M2T4: Processing event 9000/10000 (90 %)
ST_tW_antitop_5f_inclusiveDecays_13TeV-powheg-pythia8_TuneCUETP8M2T4: Processing event 9500/10000 (95 %)
WJetsToLNu_TuneCUETP8M1_13TeV-madgraphMLM-pythia8: Processing event 2500/10000 (25 %)
Selected 72 (0.72 %) events from initial 10000
Converting 72 events from FlatTree To ObjectOriented Tree
Converting event 0/72 (0 %)
Converting event 7/72 (10 %)
Converting event 14/72 (19 %)
Converting event 21/72 (29 %)
Converting event 28/72 (39 %)
Converting event 35/72 (49 %)
Converting event 42/72 (58 %)
Converting event 49/72 (68 %)
Converting event 56/72 (78 %)
Converting event 63/72 (88 %)
Converting event 70/72 (97 %)
WJetsToLNu_TuneCUETP8M1_13TeV-madgraphMLM-pythia8: Processing event 3000/10000 (30 %)
WJetsToLNu_TuneCUETP8M1_13TeV-madgraphMLM-pythia8: Processing event 3500/10000 (35 %)
WJetsToLNu_TuneCUETP8M1_13TeV-madgraphMLM-pythia8: Processing event 4000/10000 (40 %)
WJetsToLNu_TuneCUETP8M1_13TeV-madgraphMLM-pythia8: Processing event 4500/10000 (45 %)
WJetsToLNu_TuneCUETP8M1_13TeV-madgraphMLM-pythia8: Processing event 5000/10000 (50 %)
WJetsToLNu_TuneCUETP8M1_13TeV-madgraphMLM-pythia8: Processing event 5500/10000 (55 %)
WJetsToLNu_TuneCUETP8M1_13TeV-madgraphMLM-pythia8: Processing event 6000/10000 (60 %)
WJetsToLNu_TuneCUETP8M1_13TeV-madgraphMLM-pythia8: Processing event 6500/10000 (65 %)
WJetsToLNu_TuneCUETP8M1_13TeV-madgraphMLM-pythia8: Processing event 7000/10000 (70 %)
WJetsToLNu_TuneCUETP8M1_13TeV-madgraphMLM-pythia8: Processing event 7500/10000 (75 %)
WJetsToLNu_TuneCUETP8M1_13TeV-madgraphMLM-pythia8: Processing event 8000/10000 (80 %)
WJetsToLNu_TuneCUETP8M1_13TeV-madgraphMLM-pythia8: Processing event 8500/10000 (85 %)
WJetsToLNu_TuneCUETP8M1_13TeV-madgraphMLM-pythia8: Processing event 9000/10000 (90 %)
WJetsToLNu_TuneCUETP8M1_13TeV-madgraphMLM-pythia8: Processing event 9500/10000 (95 %)
Selected 1 (0.01 %) events from initial 10000
Converting 1 events from FlatTree To ObjectOriented Tree
Converting event 0/1 (0 %)
Using 4 parallel processes
Total elpased time: 68.66 seconds
Info in <TUnixSystem::ACLiC>: creating shared library /storage_mnt/storage/user/smoortga/Analysis/NTupler/CMSSW_8_0_25/src/FlatTree/FlatTreeAnalyzer/ttcc/selection/./Selection_C.so
The treeST_s-channel_4f_leptonDecays_13TeV-amcatnlo-pythia8_TuneCUETP8M1 has 10000 Events
ST_s-channel_4f_leptonDecays_13TeV-amcatnlo-pythia8_TuneCUETP8M1: Processing event 0/10000 (0 %)
ST_s-channel_4f_leptonDecays_13TeV-amcatnlo-pythia8_TuneCUETP8M1: Processing event 500/10000 (5 %)
ST_s-channel_4f_leptonDecays_13TeV-amcatnlo-pythia8_TuneCUETP8M1: Processing event 1000/10000 (10 %)
ST_s-channel_4f_leptonDecays_13TeV-amcatnlo-pythia8_TuneCUETP8M1: Processing event 1500/10000 (15 %)
The treettWJets_13TeV_madgraphMLM has 10000 Events
ST_s-channel_4f_leptonDecays_13TeV-amcatnlo-pythia8_TuneCUETP8M1: Processing event 2000/10000 (20 %)
ttWJets_13TeV_madgraphMLM: Processing event 0/10000 (0 %)
The treettHToNonbb_M125_TuneCUETP8M2_ttHtranche3_13TeV-powheg-pythia8 has 10000 Events
ST_s-channel_4f_leptonDecays_13TeV-amcatnlo-pythia8_TuneCUETP8M1: Processing event 2500/10000 (25 %)
ttHToNonbb_M125_TuneCUETP8M2_ttHtranche3_13TeV-powheg-pythia8: Processing event 0/10000 (0 %)
The treeST_t-channel_antitop_4f_inclusiveDecays_13TeV-powhegV2-madspin-pythia8_TuneCUETP8M1 has 10000 Events
ST_s-channel_4f_leptonDecays_13TeV-amcatnlo-pythia8_TuneCUETP8M1: Processing event 3000/10000 (30 %)
ST_t-channel_antitop_4f_inclusiveDecays_13TeV-powhegV2-madspin-pythia8_TuneCUETP8M1: Processing event 0/10000 (0 %)
ST_s-channel_4f_leptonDecays_13TeV-amcatnlo-pythia8_TuneCUETP8M1: Processing event 3500/10000 (35 %)
ttWJets_13TeV_madgraphMLM: Processing event 500/10000 (5 %)
ST_s-channel_4f_leptonDecays_13TeV-amcatnlo-pythia8_TuneCUETP8M1: Processing event 4000/10000 (40 %)
ST_s-channel_4f_leptonDecays_13TeV-amcatnlo-pythia8_TuneCUETP8M1: Processing event 4500/10000 (45 %)
ttWJets_13TeV_madgraphMLM: Processing event 1000/10000 (10 %)
ST_s-channel_4f_leptonDecays_13TeV-amcatnlo-pythia8_TuneCUETP8M1: Processing event 5000/10000 (50 %)
ST_t-channel_antitop_4f_inclusiveDecays_13TeV-powhegV2-madspin-pythia8_TuneCUETP8M1: Processing event 500/10000 (5 %)
ttHToNonbb_M125_TuneCUETP8M2_ttHtranche3_13TeV-powheg-pythia8: Processing event 500/10000 (5 %)
ST_s-channel_4f_leptonDecays_13TeV-amcatnlo-pythia8_TuneCUETP8M1: Processing event 5500/10000 (55 %)
ST_t-channel_antitop_4f_inclusiveDecays_13TeV-powhegV2-madspin-pythia8_TuneCUETP8M1: Processing event 1000/10000 (10 %)
ST_t-channel_antitop_4f_inclusiveDecays_13TeV-powhegV2-madspin-pythia8_TuneCUETP8M1: Processing event 1500/10000 (15 %)
ST_s-channel_4f_leptonDecays_13TeV-amcatnlo-pythia8_TuneCUETP8M1: Processing event 6000/10000 (60 %)
ttHToNonbb_M125_TuneCUETP8M2_ttHtranche3_13TeV-powheg-pythia8: Processing event 1000/10000 (10 %)
ST_s-channel_4f_leptonDecays_13TeV-amcatnlo-pythia8_TuneCUETP8M1: Processing event 6500/10000 (65 %)
ttHToNonbb_M125_TuneCUETP8M2_ttHtranche3_13TeV-powheg-pythia8: Processing event 1500/10000 (15 %)
ttWJets_13TeV_madgraphMLM: Processing event 1500/10000 (15 %)
ST_t-channel_antitop_4f_inclusiveDecays_13TeV-powhegV2-madspin-pythia8_TuneCUETP8M1: Processing event 2000/10000 (20 %)
ST_t-channel_antitop_4f_inclusiveDecays_13TeV-powhegV2-madspin-pythia8_TuneCUETP8M1: Processing event 2500/10000 (25 %)
ttHToNonbb_M125_TuneCUETP8M2_ttHtranche3_13TeV-powheg-pythia8: Processing event 2000/10000 (20 %)
ttWJets_13TeV_madgraphMLM: Processing event 2000/10000 (20 %)
ST_t-channel_antitop_4f_inclusiveDecays_13TeV-powhegV2-madspin-pythia8_TuneCUETP8M1: Processing event 3000/10000 (30 %)
ttHToNonbb_M125_TuneCUETP8M2_ttHtranche3_13TeV-powheg-pythia8: Processing event 2500/10000 (25 %)
ttWJets_13TeV_madgraphMLM: Processing event 2500/10000 (25 %)
ST_t-channel_antitop_4f_inclusiveDecays_13TeV-powhegV2-madspin-pythia8_TuneCUETP8M1: Processing event 3500/10000 (35 %)
ST_t-channel_antitop_4f_inclusiveDecays_13TeV-powhegV2-madspin-pythia8_TuneCUETP8M1: Processing event 4000/10000 (40 %)
ttHToNonbb_M125_TuneCUETP8M2_ttHtranche3_13TeV-powheg-pythia8: Processing event 3000/10000 (30 %)
ST_t-channel_antitop_4f_inclusiveDecays_13TeV-powhegV2-madspin-pythia8_TuneCUETP8M1: Processing event 4500/10000 (45 %)
ttWJets_13TeV_madgraphMLM: Processing event 3000/10000 (30 %)
ttHToNonbb_M125_TuneCUETP8M2_ttHtranche3_13TeV-powheg-pythia8: Processing event 3500/10000 (35 %)
ST_s-channel_4f_leptonDecays_13TeV-amcatnlo-pythia8_TuneCUETP8M1: Processing event 7000/10000 (70 %)
ST_t-channel_antitop_4f_inclusiveDecays_13TeV-powhegV2-madspin-pythia8_TuneCUETP8M1: Processing event 5000/10000 (50 %)
ST_s-channel_4f_leptonDecays_13TeV-amcatnlo-pythia8_TuneCUETP8M1: Processing event 7500/10000 (75 %)
ttWJets_13TeV_madgraphMLM: Processing event 3500/10000 (35 %)
ttHToNonbb_M125_TuneCUETP8M2_ttHtranche3_13TeV-powheg-pythia8: Processing event 4000/10000 (40 %)
ST_s-channel_4f_leptonDecays_13TeV-amcatnlo-pythia8_TuneCUETP8M1: Processing event 8000/10000 (80 %)
ST_t-channel_antitop_4f_inclusiveDecays_13TeV-powhegV2-madspin-pythia8_TuneCUETP8M1: Processing event 5500/10000 (55 %)
ST_s-channel_4f_leptonDecays_13TeV-amcatnlo-pythia8_TuneCUETP8M1: Processing event 8500/10000 (85 %)
ST_s-channel_4f_leptonDecays_13TeV-amcatnlo-pythia8_TuneCUETP8M1: Processing event 9000/10000 (90 %)
ST_s-channel_4f_leptonDecays_13TeV-amcatnlo-pythia8_TuneCUETP8M1: Processing event 9500/10000 (95 %)
ttWJets_13TeV_madgraphMLM: Processing event 4000/10000 (40 %)
ST_s-channel_4f_leptonDecays_13TeV-amcatnlo-pythia8_TuneCUETP8M1: Selected 19 (0.19 %) events from initial 10000
Converting 19 events from FlatTree To ObjectOriented Tree
Converting event 0/19 (0 %)
Converting event 2/19 (11 %)
Converting event 4/19 (21 %)
Converting event 6/19 (32 %)
Converting event 8/19 (42 %)
Converting event 10/19 (53 %)
Converting event 12/19 (63 %)
Converting event 14/19 (74 %)
Converting event 16/19 (84 %)
Converting event 18/19 (95 %)
ST_s-channel_4f_leptonDecays_13TeV-amcatnlo-pythia8_TuneCUETP8M1: DONE CONVERTING
ST_t-channel_antitop_4f_inclusiveDecays_13TeV-powhegV2-madspin-pythia8_TuneCUETP8M1: Processing event 6000/10000 (60 %)
ST_t-channel_antitop_4f_inclusiveDecays_13TeV-powhegV2-madspin-pythia8_TuneCUETP8M1: Processing event 6500/10000 (65 %)
ttWJets_13TeV_madgraphMLM: Processing event 4500/10000 (45 %)
ST_t-channel_antitop_4f_inclusiveDecays_13TeV-powhegV2-madspin-pythia8_TuneCUETP8M1: Processing event 7000/10000 (70 %)
ttHToNonbb_M125_TuneCUETP8M2_ttHtranche3_13TeV-powheg-pythia8: Processing event 4500/10000 (45 %)
ttWJets_13TeV_madgraphMLM: Processing event 5000/10000 (50 %)
ST_t-channel_antitop_4f_inclusiveDecays_13TeV-powhegV2-madspin-pythia8_TuneCUETP8M1: Processing event 7500/10000 (75 %)
ttHToNonbb_M125_TuneCUETP8M2_ttHtranche3_13TeV-powheg-pythia8: Processing event 5000/10000 (50 %)
ST_t-channel_antitop_4f_inclusiveDecays_13TeV-powhegV2-madspin-pythia8_TuneCUETP8M1: Processing event 8000/10000 (80 %)
ttHToNonbb_M125_TuneCUETP8M2_ttHtranche3_13TeV-powheg-pythia8: Processing event 5500/10000 (55 %)
ttWJets_13TeV_madgraphMLM: Processing event 5500/10000 (55 %)
ttHToNonbb_M125_TuneCUETP8M2_ttHtranche3_13TeV-powheg-pythia8: Processing event 6000/10000 (60 %)
ST_t-channel_antitop_4f_inclusiveDecays_13TeV-powhegV2-madspin-pythia8_TuneCUETP8M1: Processing event 8500/10000 (85 %)
ttWJets_13TeV_madgraphMLM: Processing event 6000/10000 (60 %)
ST_t-channel_antitop_4f_inclusiveDecays_13TeV-powhegV2-madspin-pythia8_TuneCUETP8M1: Processing event 9000/10000 (90 %)
ttWJets_13TeV_madgraphMLM: Processing event 6500/10000 (65 %)
ST_t-channel_antitop_4f_inclusiveDecays_13TeV-powhegV2-madspin-pythia8_TuneCUETP8M1: Processing event 9500/10000 (95 %)
ttHToNonbb_M125_TuneCUETP8M2_ttHtranche3_13TeV-powheg-pythia8: Processing event 6500/10000 (65 %)
ST_t-channel_antitop_4f_inclusiveDecays_13TeV-powhegV2-madspin-pythia8_TuneCUETP8M1: Selected 4 (0.04 %) events from initial 10000
Converting 4 events from FlatTree To ObjectOriented Tree
Converting event 0/4 (0 %)
Converting event 1/4 (25 %)
Converting event 2/4 (50 %)
Converting event 3/4 (75 %)
ST_t-channel_antitop_4f_inclusiveDecays_13TeV-powhegV2-madspin-pythia8_TuneCUETP8M1: DONE CONVERTING
ttWJets_13TeV_madgraphMLM: Processing event 7000/10000 (70 %)
ttHToNonbb_M125_TuneCUETP8M2_ttHtranche3_13TeV-powheg-pythia8: Processing event 7000/10000 (70 %)
ttWJets_13TeV_madgraphMLM: Processing event 7500/10000 (75 %)
ttHToNonbb_M125_TuneCUETP8M2_ttHtranche3_13TeV-powheg-pythia8: Processing event 7500/10000 (75 %)
ttWJets_13TeV_madgraphMLM: Processing event 8000/10000 (80 %)
ttHToNonbb_M125_TuneCUETP8M2_ttHtranche3_13TeV-powheg-pythia8: Processing event 8000/10000 (80 %)
The treeTT_TuneCUETP8M2T4_13TeV-powheg-pythia8 has 10000 Events
TT_TuneCUETP8M2T4_13TeV-powheg-pythia8: Processing event 0/10000 (0 %)
TT_TuneCUETP8M2T4_13TeV-powheg-pythia8: Processing event 500/10000 (5 %)
ttHToNonbb_M125_TuneCUETP8M2_ttHtranche3_13TeV-powheg-pythia8: Processing event 8500/10000 (85 %)
ttHToNonbb_M125_TuneCUETP8M2_ttHtranche3_13TeV-powheg-pythia8: Processing event 9000/10000 (90 %)
ttWJets_13TeV_madgraphMLM: Processing event 8500/10000 (85 %)
TT_TuneCUETP8M2T4_13TeV-powheg-pythia8: Processing event 1000/10000 (10 %)
ttHToNonbb_M125_TuneCUETP8M2_ttHtranche3_13TeV-powheg-pythia8: Processing event 9500/10000 (95 %)
ttWJets_13TeV_madgraphMLM: Processing event 9000/10000 (90 %)
ttHToNonbb_M125_TuneCUETP8M2_ttHtranche3_13TeV-powheg-pythia8: Selected 501 (5.01 %) events from initial 10000
Converting 501 events from FlatTree To ObjectOriented Tree
Converting event 0/501 (0 %)
TT_TuneCUETP8M2T4_13TeV-powheg-pythia8: Processing event 1500/10000 (15 %)
ttWJets_13TeV_madgraphMLM: Processing event 9500/10000 (95 %)
Converting event 50/501 (10 %)
ttWJets_13TeV_madgraphMLM: Selected 400 (4 %) events from initial 10000
Converting 400 events from FlatTree To ObjectOriented Tree
TT_TuneCUETP8M2T4_13TeV-powheg-pythia8: Processing event 2000/10000 (20 %)
Converting event 0/400 (0 %)
Converting event 100/501 (20 %)
Converting event 40/400 (10 %)
Converting event 150/501 (30 %)
TT_TuneCUETP8M2T4_13TeV-powheg-pythia8: Processing event 2500/10000 (25 %)
Converting event 80/400 (20 %)
Converting event 200/501 (40 %)
Converting event 120/400 (30 %)
Converting event 160/400 (40 %)
Converting event 250/501 (50 %)
TT_TuneCUETP8M2T4_13TeV-powheg-pythia8: Processing event 3000/10000 (30 %)
Converting event 200/400 (50 %)
Converting event 300/501 (60 %)
Converting event 240/400 (60 %)
TT_TuneCUETP8M2T4_13TeV-powheg-pythia8: Processing event 3500/10000 (35 %)
Converting event 350/501 (70 %)
Converting event 280/400 (70 %)
Converting event 320/400 (80 %)
Converting event 400/501 (80 %)
TT_TuneCUETP8M2T4_13TeV-powheg-pythia8: Processing event 4000/10000 (40 %)
Converting event 360/400 (90 %)
Converting event 450/501 (90 %)
ttWJets_13TeV_madgraphMLM: DONE CONVERTING
Converting event 500/501 (100 %)
ttHToNonbb_M125_TuneCUETP8M2_ttHtranche3_13TeV-powheg-pythia8: DONE CONVERTING
TT_TuneCUETP8M2T4_13TeV-powheg-pythia8: Processing event 4500/10000 (45 %)
TT_TuneCUETP8M2T4_13TeV-powheg-pythia8: Processing event 5000/10000 (50 %)
TT_TuneCUETP8M2T4_13TeV-powheg-pythia8: Processing event 5500/10000 (55 %)
TT_TuneCUETP8M2T4_13TeV-powheg-pythia8: Processing event 6000/10000 (60 %)
TT_TuneCUETP8M2T4_13TeV-powheg-pythia8: Processing event 6500/10000 (65 %)
TT_TuneCUETP8M2T4_13TeV-powheg-pythia8: Processing event 7000/10000 (70 %)
The treeST_t-channel_top_4f_inclusiveDecays_TuneCUETP8M2T4_13TeV-powhegV2-madspin has 10000 Events
ST_t-channel_top_4f_inclusiveDecays_TuneCUETP8M2T4_13TeV-powhegV2-madspin: Processing event 0/10000 (0 %)
TT_TuneCUETP8M2T4_13TeV-powheg-pythia8: Processing event 7500/10000 (75 %)
TT_TuneCUETP8M2T4_13TeV-powheg-pythia8: Processing event 8000/10000 (80 %)
TT_TuneCUETP8M2T4_13TeV-powheg-pythia8: Processing event 8500/10000 (85 %)
ST_t-channel_top_4f_inclusiveDecays_TuneCUETP8M2T4_13TeV-powhegV2-madspin: Processing event 500/10000 (5 %)
TT_TuneCUETP8M2T4_13TeV-powheg-pythia8: Processing event 9000/10000 (90 %)
ST_t-channel_top_4f_inclusiveDecays_TuneCUETP8M2T4_13TeV-powhegV2-madspin: Processing event 1000/10000 (10 %)
TT_TuneCUETP8M2T4_13TeV-powheg-pythia8: Processing event 9500/10000 (95 %)
ST_t-channel_top_4f_inclusiveDecays_TuneCUETP8M2T4_13TeV-powhegV2-madspin: Processing event 1500/10000 (15 %)
ST_t-channel_top_4f_inclusiveDecays_TuneCUETP8M2T4_13TeV-powhegV2-madspin: Processing event 2000/10000 (20 %)
ST_t-channel_top_4f_inclusiveDecays_TuneCUETP8M2T4_13TeV-powhegV2-madspin: Processing event 2500/10000 (25 %)
ST_t-channel_top_4f_inclusiveDecays_TuneCUETP8M2T4_13TeV-powhegV2-madspin: Processing event 3000/10000 (30 %)
ST_t-channel_top_4f_inclusiveDecays_TuneCUETP8M2T4_13TeV-powhegV2-madspin: Processing event 3500/10000 (35 %)
TT_TuneCUETP8M2T4_13TeV-powheg-pythia8: Selected 117 (1.17 %) events from initial 10000
Converting 117 events from FlatTree To ObjectOriented Tree
Converting event 0/117 (0 %)
Converting event 12/117 (10 %)
Converting event 24/117 (21 %)
Converting event 36/117 (31 %)
Converting event 48/117 (41 %)
Converting event 60/117 (51 %)
ST_t-channel_top_4f_inclusiveDecays_TuneCUETP8M2T4_13TeV-powhegV2-madspin: Processing event 4000/10000 (40 %)
Converting event 72/117 (62 %)
Converting event 84/117 (72 %)
Converting event 96/117 (82 %)
Converting event 108/117 (92 %)
TT_TuneCUETP8M2T4_13TeV-powheg-pythia8: DONE CONVERTING
ST_t-channel_top_4f_inclusiveDecays_TuneCUETP8M2T4_13TeV-powhegV2-madspin: Processing event 4500/10000 (45 %)
ST_t-channel_top_4f_inclusiveDecays_TuneCUETP8M2T4_13TeV-powhegV2-madspin: Processing event 5000/10000 (50 %)
ST_t-channel_top_4f_inclusiveDecays_TuneCUETP8M2T4_13TeV-powhegV2-madspin: Processing event 5500/10000 (55 %)
ST_t-channel_top_4f_inclusiveDecays_TuneCUETP8M2T4_13TeV-powhegV2-madspin: Processing event 6000/10000 (60 %)
The treeWJetsToLNu_TuneCUETP8M1_13TeV-madgraphMLM-pythia8 has 10000 Events
WJetsToLNu_TuneCUETP8M1_13TeV-madgraphMLM-pythia8: Processing event 0/10000 (0 %)
The treeDYJetsToLL_M-50_TuneCUETP8M1_13TeV-amcatnloFXFX-pythia8 has 10000 Events
DYJetsToLL_M-50_TuneCUETP8M1_13TeV-amcatnloFXFX-pythia8: Processing event 0/10000 (0 %)
ST_t-channel_top_4f_inclusiveDecays_TuneCUETP8M2T4_13TeV-powhegV2-madspin: Processing event 6500/10000 (65 %)
WJetsToLNu_TuneCUETP8M1_13TeV-madgraphMLM-pythia8: Processing event 500/10000 (5 %)
DYJetsToLL_M-50_TuneCUETP8M1_13TeV-amcatnloFXFX-pythia8: Processing event 500/10000 (5 %)
ST_t-channel_top_4f_inclusiveDecays_TuneCUETP8M2T4_13TeV-powhegV2-madspin: Processing event 7000/10000 (70 %)
WJetsToLNu_TuneCUETP8M1_13TeV-madgraphMLM-pythia8: Processing event 1000/10000 (10 %)
DYJetsToLL_M-50_TuneCUETP8M1_13TeV-amcatnloFXFX-pythia8: Processing event 1000/10000 (10 %)
ST_t-channel_top_4f_inclusiveDecays_TuneCUETP8M2T4_13TeV-powhegV2-madspin: Processing event 7500/10000 (75 %)
WJetsToLNu_TuneCUETP8M1_13TeV-madgraphMLM-pythia8: Processing event 1500/10000 (15 %)
DYJetsToLL_M-50_TuneCUETP8M1_13TeV-amcatnloFXFX-pythia8: Processing event 1500/10000 (15 %)
ST_t-channel_top_4f_inclusiveDecays_TuneCUETP8M2T4_13TeV-powhegV2-madspin: Processing event 8000/10000 (80 %)
WJetsToLNu_TuneCUETP8M1_13TeV-madgraphMLM-pythia8: Processing event 2000/10000 (20 %)
DYJetsToLL_M-50_TuneCUETP8M1_13TeV-amcatnloFXFX-pythia8: Processing event 2000/10000 (20 %)
ST_t-channel_top_4f_inclusiveDecays_TuneCUETP8M2T4_13TeV-powhegV2-madspin: Processing event 8500/10000 (85 %)
DYJetsToLL_M-50_TuneCUETP8M1_13TeV-amcatnloFXFX-pythia8: Processing event 2500/10000 (25 %)
WJetsToLNu_TuneCUETP8M1_13TeV-madgraphMLM-pythia8: Processing event 2500/10000 (25 %)
DYJetsToLL_M-50_TuneCUETP8M1_13TeV-amcatnloFXFX-pythia8: Processing event 3000/10000 (30 %)
WJetsToLNu_TuneCUETP8M1_13TeV-madgraphMLM-pythia8: Processing event 3000/10000 (30 %)
ST_t-channel_top_4f_inclusiveDecays_TuneCUETP8M2T4_13TeV-powhegV2-madspin: Processing event 9000/10000 (90 %)
DYJetsToLL_M-50_TuneCUETP8M1_13TeV-amcatnloFXFX-pythia8: Processing event 3500/10000 (35 %)
WJetsToLNu_TuneCUETP8M1_13TeV-madgraphMLM-pythia8: Processing event 3500/10000 (35 %)
ST_t-channel_top_4f_inclusiveDecays_TuneCUETP8M2T4_13TeV-powhegV2-madspin: Processing event 9500/10000 (95 %)
DYJetsToLL_M-50_TuneCUETP8M1_13TeV-amcatnloFXFX-pythia8: Processing event 4000/10000 (40 %)
ST_t-channel_top_4f_inclusiveDecays_TuneCUETP8M2T4_13TeV-powhegV2-madspin: Selected 5 (0.05 %) events from initial 10000
Converting 5 events from FlatTree To ObjectOriented Tree
DYJetsToLL_M-50_TuneCUETP8M1_13TeV-amcatnloFXFX-pythia8: Processing event 4500/10000 (45 %)
Converting event 0/5 (0 %)
Converting event 1/5 (20 %)
Converting event 2/5 (40 %)
Converting event 3/5 (60 %)
Converting event 4/5 (80 %)
ST_t-channel_top_4f_inclusiveDecays_TuneCUETP8M2T4_13TeV-powhegV2-madspin: DONE CONVERTING
WJetsToLNu_TuneCUETP8M1_13TeV-madgraphMLM-pythia8: Processing event 4000/10000 (40 %)
DYJetsToLL_M-50_TuneCUETP8M1_13TeV-amcatnloFXFX-pythia8: Processing event 5000/10000 (50 %)
WJetsToLNu_TuneCUETP8M1_13TeV-madgraphMLM-pythia8: Processing event 4500/10000 (45 %)
DYJetsToLL_M-50_TuneCUETP8M1_13TeV-amcatnloFXFX-pythia8: Processing event 5500/10000 (55 %)
WJetsToLNu_TuneCUETP8M1_13TeV-madgraphMLM-pythia8: Processing event 5000/10000 (50 %)
DYJetsToLL_M-50_TuneCUETP8M1_13TeV-amcatnloFXFX-pythia8: Processing event 6000/10000 (60 %)
WJetsToLNu_TuneCUETP8M1_13TeV-madgraphMLM-pythia8: Processing event 5500/10000 (55 %)
DYJetsToLL_M-50_TuneCUETP8M1_13TeV-amcatnloFXFX-pythia8: Processing event 6500/10000 (65 %)
WJetsToLNu_TuneCUETP8M1_13TeV-madgraphMLM-pythia8: Processing event 6000/10000 (60 %)
DYJetsToLL_M-50_TuneCUETP8M1_13TeV-amcatnloFXFX-pythia8: Processing event 7000/10000 (70 %)
DYJetsToLL_M-50_TuneCUETP8M1_13TeV-amcatnloFXFX-pythia8: Processing event 7500/10000 (75 %)
WJetsToLNu_TuneCUETP8M1_13TeV-madgraphMLM-pythia8: Processing event 6500/10000 (65 %)
DYJetsToLL_M-50_TuneCUETP8M1_13TeV-amcatnloFXFX-pythia8: Processing event 8000/10000 (80 %)
WJetsToLNu_TuneCUETP8M1_13TeV-madgraphMLM-pythia8: Processing event 7000/10000 (70 %)
WJetsToLNu_TuneCUETP8M1_13TeV-madgraphMLM-pythia8: Processing event 7500/10000 (75 %)
The treettZJets_13TeV_madgraphMLM has 10000 Events
ttZJets_13TeV_madgraphMLM: Processing event 0/10000 (0 %)
ttZJets_13TeV_madgraphMLM: Processing event 500/10000 (5 %)
ttZJets_13TeV_madgraphMLM: Processing event 1000/10000 (10 %)
DYJetsToLL_M-50_TuneCUETP8M1_13TeV-amcatnloFXFX-pythia8: Processing event 8500/10000 (85 %)
WJetsToLNu_TuneCUETP8M1_13TeV-madgraphMLM-pythia8: Processing event 8000/10000 (80 %)
DYJetsToLL_M-50_TuneCUETP8M1_13TeV-amcatnloFXFX-pythia8: Processing event 9000/10000 (90 %)
WJetsToLNu_TuneCUETP8M1_13TeV-madgraphMLM-pythia8: Processing event 8500/10000 (85 %)
DYJetsToLL_M-50_TuneCUETP8M1_13TeV-amcatnloFXFX-pythia8: Processing event 9500/10000 (95 %)
ttZJets_13TeV_madgraphMLM: Processing event 1500/10000 (15 %)
DYJetsToLL_M-50_TuneCUETP8M1_13TeV-amcatnloFXFX-pythia8: Selected 3 (0.03 %) events from initial 10000
Converting 3 events from FlatTree To ObjectOriented Tree
Converting event 0/3 (0 %)
Converting event 1/3 (33 %)
Converting event 2/3 (67 %)
DYJetsToLL_M-50_TuneCUETP8M1_13TeV-amcatnloFXFX-pythia8: DONE CONVERTING
WJetsToLNu_TuneCUETP8M1_13TeV-madgraphMLM-pythia8: Processing event 9000/10000 (90 %)
ttZJets_13TeV_madgraphMLM: Processing event 2000/10000 (20 %)
WJetsToLNu_TuneCUETP8M1_13TeV-madgraphMLM-pythia8: Processing event 9500/10000 (95 %)
WJetsToLNu_TuneCUETP8M1_13TeV-madgraphMLM-pythia8: Selected 1 (0.01 %) events from initial 10000
Converting 1 events from FlatTree To ObjectOriented Tree
Converting event 0/1 (0 %)
WJetsToLNu_TuneCUETP8M1_13TeV-madgraphMLM-pythia8: DONE CONVERTING
ttZJets_13TeV_madgraphMLM: Processing event 2500/10000 (25 %)
ttZJets_13TeV_madgraphMLM: Processing event 3000/10000 (30 %)
ttZJets_13TeV_madgraphMLM: Processing event 3500/10000 (35 %)
The treeST_tW_top_5f_inclusiveDecays_13TeV-powheg-pythia8_TuneCUETP8M2T4 has 10000 Events
The treeDYJetsToLL_M-10to50_TuneCUETP8M1_13TeV-amcatnloFXFX-pythia8 has 10000 Events
ST_tW_top_5f_inclusiveDecays_13TeV-powheg-pythia8_TuneCUETP8M2T4: Processing event 0/10000 (0 %)
DYJetsToLL_M-10to50_TuneCUETP8M1_13TeV-amcatnloFXFX-pythia8: Processing event 0/10000 (0 %)
ttZJets_13TeV_madgraphMLM: Processing event 4000/10000 (40 %)
DYJetsToLL_M-10to50_TuneCUETP8M1_13TeV-amcatnloFXFX-pythia8: Processing event 500/10000 (5 %)
ttZJets_13TeV_madgraphMLM: Processing event 4500/10000 (45 %)
ST_tW_top_5f_inclusiveDecays_13TeV-powheg-pythia8_TuneCUETP8M2T4: Processing event 500/10000 (5 %)
DYJetsToLL_M-10to50_TuneCUETP8M1_13TeV-amcatnloFXFX-pythia8: Processing event 1000/10000 (10 %)
ttZJets_13TeV_madgraphMLM: Processing event 5000/10000 (50 %)
ST_tW_top_5f_inclusiveDecays_13TeV-powheg-pythia8_TuneCUETP8M2T4: Processing event 1000/10000 (10 %)
DYJetsToLL_M-10to50_TuneCUETP8M1_13TeV-amcatnloFXFX-pythia8: Processing event 1500/10000 (15 %)
ttZJets_13TeV_madgraphMLM: Processing event 5500/10000 (55 %)
DYJetsToLL_M-10to50_TuneCUETP8M1_13TeV-amcatnloFXFX-pythia8: Processing event 2000/10000 (20 %)
ST_tW_top_5f_inclusiveDecays_13TeV-powheg-pythia8_TuneCUETP8M2T4: Processing event 1500/10000 (15 %)
ttZJets_13TeV_madgraphMLM: Processing event 6000/10000 (60 %)
DYJetsToLL_M-10to50_TuneCUETP8M1_13TeV-amcatnloFXFX-pythia8: Processing event 2500/10000 (25 %)
ST_tW_top_5f_inclusiveDecays_13TeV-powheg-pythia8_TuneCUETP8M2T4: Processing event 2000/10000 (20 %)
ttZJets_13TeV_madgraphMLM: Processing event 6500/10000 (65 %)
DYJetsToLL_M-10to50_TuneCUETP8M1_13TeV-amcatnloFXFX-pythia8: Processing event 3000/10000 (30 %)
ST_tW_top_5f_inclusiveDecays_13TeV-powheg-pythia8_TuneCUETP8M2T4: Processing event 2500/10000 (25 %)
DYJetsToLL_M-10to50_TuneCUETP8M1_13TeV-amcatnloFXFX-pythia8: Processing event 3500/10000 (35 %)
ttZJets_13TeV_madgraphMLM: Processing event 7000/10000 (70 %)
DYJetsToLL_M-10to50_TuneCUETP8M1_13TeV-amcatnloFXFX-pythia8: Processing event 4000/10000 (40 %)
ST_tW_top_5f_inclusiveDecays_13TeV-powheg-pythia8_TuneCUETP8M2T4: Processing event 3000/10000 (30 %)
ttZJets_13TeV_madgraphMLM: Processing event 7500/10000 (75 %)
DYJetsToLL_M-10to50_TuneCUETP8M1_13TeV-amcatnloFXFX-pythia8: Processing event 4500/10000 (45 %)
ST_tW_top_5f_inclusiveDecays_13TeV-powheg-pythia8_TuneCUETP8M2T4: Processing event 3500/10000 (35 %)
DYJetsToLL_M-10to50_TuneCUETP8M1_13TeV-amcatnloFXFX-pythia8: Processing event 5000/10000 (50 %)
ST_tW_top_5f_inclusiveDecays_13TeV-powheg-pythia8_TuneCUETP8M2T4: Processing event 4000/10000 (40 %)
DYJetsToLL_M-10to50_TuneCUETP8M1_13TeV-amcatnloFXFX-pythia8: Processing event 5500/10000 (55 %)
DYJetsToLL_M-10to50_TuneCUETP8M1_13TeV-amcatnloFXFX-pythia8: Processing event 6000/10000 (60 %)
ST_tW_top_5f_inclusiveDecays_13TeV-powheg-pythia8_TuneCUETP8M2T4: Processing event 4500/10000 (45 %)
DYJetsToLL_M-10to50_TuneCUETP8M1_13TeV-amcatnloFXFX-pythia8: Processing event 6500/10000 (65 %)
ST_tW_top_5f_inclusiveDecays_13TeV-powheg-pythia8_TuneCUETP8M2T4: Processing event 5000/10000 (50 %)
DYJetsToLL_M-10to50_TuneCUETP8M1_13TeV-amcatnloFXFX-pythia8: Processing event 7000/10000 (70 %)
ST_tW_top_5f_inclusiveDecays_13TeV-powheg-pythia8_TuneCUETP8M2T4: Processing event 5500/10000 (55 %)
DYJetsToLL_M-10to50_TuneCUETP8M1_13TeV-amcatnloFXFX-pythia8: Processing event 7500/10000 (75 %)
ST_tW_top_5f_inclusiveDecays_13TeV-powheg-pythia8_TuneCUETP8M2T4: Processing event 6000/10000 (60 %)
ttZJets_13TeV_madgraphMLM: Processing event 8000/10000 (80 %)
DYJetsToLL_M-10to50_TuneCUETP8M1_13TeV-amcatnloFXFX-pythia8: Processing event 8000/10000 (80 %)
ttZJets_13TeV_madgraphMLM: Processing event 8500/10000 (85 %)
DYJetsToLL_M-10to50_TuneCUETP8M1_13TeV-amcatnloFXFX-pythia8: Processing event 8500/10000 (85 %)
ttZJets_13TeV_madgraphMLM: Processing event 9000/10000 (90 %)
DYJetsToLL_M-10to50_TuneCUETP8M1_13TeV-amcatnloFXFX-pythia8: Processing event 9000/10000 (90 %)
ttZJets_13TeV_madgraphMLM: Processing event 9500/10000 (95 %)
DYJetsToLL_M-10to50_TuneCUETP8M1_13TeV-amcatnloFXFX-pythia8: Processing event 9500/10000 (95 %)
DYJetsToLL_M-10to50_TuneCUETP8M1_13TeV-amcatnloFXFX-pythia8: Selected 0 (0 %) events from initial 10000
Converting 0 events from FlatTree To ObjectOriented Tree
DYJetsToLL_M-10to50_TuneCUETP8M1_13TeV-amcatnloFXFX-pythia8: DONE CONVERTING
ttZJets_13TeV_madgraphMLM: Selected 290 (2.9 %) events from initial 10000
Converting 290 events from FlatTree To ObjectOriented Tree
Converting event 0/290 (0 %)
Converting event 29/290 (10 %)
Converting event 58/290 (20 %)
Converting event 87/290 (30 %)
Converting event 116/290 (40 %)
Converting event 145/290 (50 %)
Converting event 174/290 (60 %)
Converting event 203/290 (70 %)
ST_tW_top_5f_inclusiveDecays_13TeV-powheg-pythia8_TuneCUETP8M2T4: Processing event 6500/10000 (65 %)
Converting event 232/290 (80 %)
ST_tW_top_5f_inclusiveDecays_13TeV-powheg-pythia8_TuneCUETP8M2T4: Processing event 7000/10000 (70 %)
Converting event 261/290 (90 %)
ST_tW_top_5f_inclusiveDecays_13TeV-powheg-pythia8_TuneCUETP8M2T4: Processing event 7500/10000 (75 %)
ttZJets_13TeV_madgraphMLM: DONE CONVERTING
ST_tW_top_5f_inclusiveDecays_13TeV-powheg-pythia8_TuneCUETP8M2T4: Processing event 8000/10000 (80 %)
ST_tW_top_5f_inclusiveDecays_13TeV-powheg-pythia8_TuneCUETP8M2T4: Processing event 8500/10000 (85 %)
ST_tW_top_5f_inclusiveDecays_13TeV-powheg-pythia8_TuneCUETP8M2T4: Processing event 9000/10000 (90 %)
ST_tW_top_5f_inclusiveDecays_13TeV-powheg-pythia8_TuneCUETP8M2T4: Processing event 9500/10000 (95 %)
ST_tW_top_5f_inclusiveDecays_13TeV-powheg-pythia8_TuneCUETP8M2T4: Selected 63 (0.63 %) events from initial 10000
Converting 63 events from FlatTree To ObjectOriented Tree
Converting event 0/63 (0 %)
Converting event 6/63 (10 %)
Converting event 12/63 (19 %)
Converting event 18/63 (29 %)
Converting event 24/63 (38 %)
Converting event 30/63 (48 %)
Converting event 36/63 (57 %)
Converting event 42/63 (67 %)
Converting event 48/63 (76 %)
Converting event 54/63 (86 %)
Converting event 60/63 (95 %)
ST_tW_top_5f_inclusiveDecays_13TeV-powheg-pythia8_TuneCUETP8M2T4: DONE CONVERTING
The treeST_tW_antitop_5f_inclusiveDecays_13TeV-powheg-pythia8_TuneCUETP8M2T4 has 10000 Events
ST_tW_antitop_5f_inclusiveDecays_13TeV-powheg-pythia8_TuneCUETP8M2T4: Processing event 0/10000 (0 %)
ST_tW_antitop_5f_inclusiveDecays_13TeV-powheg-pythia8_TuneCUETP8M2T4: Processing event 500/10000 (5 %)
ST_tW_antitop_5f_inclusiveDecays_13TeV-powheg-pythia8_TuneCUETP8M2T4: Processing event 1000/10000 (10 %)
ST_tW_antitop_5f_inclusiveDecays_13TeV-powheg-pythia8_TuneCUETP8M2T4: Processing event 1500/10000 (15 %)
ST_tW_antitop_5f_inclusiveDecays_13TeV-powheg-pythia8_TuneCUETP8M2T4: Processing event 2000/10000 (20 %)
ST_tW_antitop_5f_inclusiveDecays_13TeV-powheg-pythia8_TuneCUETP8M2T4: Processing event 2500/10000 (25 %)
ST_tW_antitop_5f_inclusiveDecays_13TeV-powheg-pythia8_TuneCUETP8M2T4: Processing event 3000/10000 (30 %)
ST_tW_antitop_5f_inclusiveDecays_13TeV-powheg-pythia8_TuneCUETP8M2T4: Processing event 3500/10000 (35 %)
ST_tW_antitop_5f_inclusiveDecays_13TeV-powheg-pythia8_TuneCUETP8M2T4: Processing event 4000/10000 (40 %)
ST_tW_antitop_5f_inclusiveDecays_13TeV-powheg-pythia8_TuneCUETP8M2T4: Processing event 4500/10000 (45 %)
ST_tW_antitop_5f_inclusiveDecays_13TeV-powheg-pythia8_TuneCUETP8M2T4: Processing event 5000/10000 (50 %)
ST_tW_antitop_5f_inclusiveDecays_13TeV-powheg-pythia8_TuneCUETP8M2T4: Processing event 5500/10000 (55 %)
ST_tW_antitop_5f_inclusiveDecays_13TeV-powheg-pythia8_TuneCUETP8M2T4: Processing event 6000/10000 (60 %)
ST_tW_antitop_5f_inclusiveDecays_13TeV-powheg-pythia8_TuneCUETP8M2T4: Processing event 6500/10000 (65 %)
ST_tW_antitop_5f_inclusiveDecays_13TeV-powheg-pythia8_TuneCUETP8M2T4: Processing event 7000/10000 (70 %)
ST_tW_antitop_5f_inclusiveDecays_13TeV-powheg-pythia8_TuneCUETP8M2T4: Processing event 7500/10000 (75 %)
ST_tW_antitop_5f_inclusiveDecays_13TeV-powheg-pythia8_TuneCUETP8M2T4: Processing event 8000/10000 (80 %)
ST_tW_antitop_5f_inclusiveDecays_13TeV-powheg-pythia8_TuneCUETP8M2T4: Processing event 8500/10000 (85 %)
ST_tW_antitop_5f_inclusiveDecays_13TeV-powheg-pythia8_TuneCUETP8M2T4: Processing event 9000/10000 (90 %)
ST_tW_antitop_5f_inclusiveDecays_13TeV-powheg-pythia8_TuneCUETP8M2T4: Processing event 9500/10000 (95 %)
ST_tW_antitop_5f_inclusiveDecays_13TeV-powheg-pythia8_TuneCUETP8M2T4: Selected 72 (0.72 %) events from initial 10000
Converting 72 events from FlatTree To ObjectOriented Tree
Converting event 0/72 (0 %)
Converting event 7/72 (10 %)
Converting event 14/72 (19 %)
Converting event 21/72 (29 %)
Converting event 28/72 (39 %)
Converting event 35/72 (49 %)
Converting event 42/72 (58 %)
Converting event 49/72 (68 %)
Converting event 56/72 (78 %)
Converting event 63/72 (88 %)
Converting event 70/72 (97 %)
ST_tW_antitop_5f_inclusiveDecays_13TeV-powheg-pythia8_TuneCUETP8M2T4: DONE CONVERTING
The treettHTobb_M125_TuneCUETP8M2_ttHtranche3_13TeV-powheg-pythia8 has 10000 Events
ttHTobb_M125_TuneCUETP8M2_ttHtranche3_13TeV-powheg-pythia8: Processing event 0/10000 (0 %)
ttHTobb_M125_TuneCUETP8M2_ttHtranche3_13TeV-powheg-pythia8: Processing event 500/10000 (5 %)
ttHTobb_M125_TuneCUETP8M2_ttHtranche3_13TeV-powheg-pythia8: Processing event 1000/10000 (10 %)
ttHTobb_M125_TuneCUETP8M2_ttHtranche3_13TeV-powheg-pythia8: Processing event 1500/10000 (15 %)
ttHTobb_M125_TuneCUETP8M2_ttHtranche3_13TeV-powheg-pythia8: Processing event 2000/10000 (20 %)
ttHTobb_M125_TuneCUETP8M2_ttHtranche3_13TeV-powheg-pythia8: Processing event 2500/10000 (25 %)
ttHTobb_M125_TuneCUETP8M2_ttHtranche3_13TeV-powheg-pythia8: Processing event 3000/10000 (30 %)
ttHTobb_M125_TuneCUETP8M2_ttHtranche3_13TeV-powheg-pythia8: Processing event 3500/10000 (35 %)
ttHTobb_M125_TuneCUETP8M2_ttHtranche3_13TeV-powheg-pythia8: Processing event 4000/10000 (40 %)
ttHTobb_M125_TuneCUETP8M2_ttHtranche3_13TeV-powheg-pythia8: Processing event 4500/10000 (45 %)
ttHTobb_M125_TuneCUETP8M2_ttHtranche3_13TeV-powheg-pythia8: Processing event 5000/10000 (50 %)
ttHTobb_M125_TuneCUETP8M2_ttHtranche3_13TeV-powheg-pythia8: Processing event 5500/10000 (55 %)
ttHTobb_M125_TuneCUETP8M2_ttHtranche3_13TeV-powheg-pythia8: Processing event 6000/10000 (60 %)
ttHTobb_M125_TuneCUETP8M2_ttHtranche3_13TeV-powheg-pythia8: Processing event 6500/10000 (65 %)
ttHTobb_M125_TuneCUETP8M2_ttHtranche3_13TeV-powheg-pythia8: Processing event 7000/10000 (70 %)
ttHTobb_M125_TuneCUETP8M2_ttHtranche3_13TeV-powheg-pythia8: Processing event 7500/10000 (75 %)
ttHTobb_M125_TuneCUETP8M2_ttHtranche3_13TeV-powheg-pythia8: Processing event 8000/10000 (80 %)
ttHTobb_M125_TuneCUETP8M2_ttHtranche3_13TeV-powheg-pythia8: Processing event 8500/10000 (85 %)
ttHTobb_M125_TuneCUETP8M2_ttHtranche3_13TeV-powheg-pythia8: Processing event 9000/10000 (90 %)
ttHTobb_M125_TuneCUETP8M2_ttHtranche3_13TeV-powheg-pythia8: Processing event 9500/10000 (95 %)
ttHTobb_M125_TuneCUETP8M2_ttHtranche3_13TeV-powheg-pythia8: Selected 158 (1.58 %) events from initial 10000
Converting 158 events from FlatTree To ObjectOriented Tree
Converting event 0/158 (0 %)
Converting event 16/158 (10 %)
Converting event 32/158 (20 %)
Converting event 48/158 (30 %)
Converting event 64/158 (41 %)
Converting event 80/158 (51 %)
Converting event 96/158 (61 %)
Converting event 112/158 (71 %)
Converting event 128/158 (81 %)
Converting event 144/158 (91 %)
ttHTobb_M125_TuneCUETP8M2_ttHtranche3_13TeV-powheg-pythia8: DONE CONVERTING
Using 4 parallel processes
Total elpased time: 17.77 seconds
